<?xml version="1.0" encoding="UTF-8"?>
<!-- Generated by org.testng.reporters.JUnitReportReporter -->
<testsuite hostname="DESKTOP-4KTQUSV" failures="0" tests="1" name="TestClassesZigwheels.TestClass" time="61.942" errors="0" timestamp="16 Apr 2021 05:53:55 GMT" skipped="0">
  <testcase classname="TestClassesZigwheels.TestClass" name="displaybikedetails" time="61.942"/>
</testsuite> <!-- TestClassesZigwheels.TestClass -->
